Arguments: 
  /home/f/.nvm/versions/node/v8.0.0/bin/node /usr/bin/yarn add typescript --dev

PATH: 
  /home/f/.npm-global/bin:/home/f/.nvm/versions/node/v8.0.0/bin:/home/f/Android/Sdk/platform-tools:/home/f/.bin:/usr/local/sbin:/usr/local/bin:/usr/bin:/usr/lib/jvm/default/bin:/usr/bin/site_perl:/usr/bin/vendor_perl:/usr/bin/core_perl:/home/f/go/bin:/home/f/.cargo/bin

Yarn version: 
  0.24.6

Node version: 
  8.0.0

Platform: 
  linux x64

npm manifest: 
  {
    "name": "ts-basedir-test",
    "version": "1.0.0",
    "main": "index.js",
    "license": "MIT"
  }

yarn manifest: 
  No manifest

Lockfile: 
  No lockfile

Trace: 
  Error: https://registry.npmjs.org/typescript: ETIMEDOUT
      at Timeout._onTimeout (/usr/lib/node_modules/yarn/lib/yarn-cli.js:108518:19)
      at ontimeout (timers.js:488:11)
      at tryOnTimeout (timers.js:323:5)
      at Timer.listOnTimeout (timers.js:283:5)
